2025-02-15 11:42:11 INFO  TC001Accountregister:14 - ************starting*******
2025-02-15 11:42:11 INFO  TC001Accountregister:18 - moved to my acc
2025-02-15 11:42:13 INFO  TC001Accountregister:20 - moved registration page
2025-02-15 11:42:13 INFO  TC001Accountregister:24 - providing the information 
2025-02-15 11:42:15 INFO  TC001Accountregister:37 - final validation 
2025-02-15 11:42:15 INFO  TC001Accountregister:44 - successfully validated
2025-02-15 11:42:16 DEBUG PackageRelationshipCollection:307 - Parsing relationship: /xl/_rels/workbook.xml.rels
2025-02-15 11:42:16 DEBUG PackageRelationshipCollection:307 - Parsing relationship: /xl/worksheets/_rels/sheet1.xml.rels
2025-02-15 11:42:16 DEBUG PackageRelationshipCollection:307 - Parsing relationship: /_rels/.rels
2025-02-15 11:42:17 TRACE XBeanDebug:199 - Loading type system org.apache.poi.schemas.ooxml.system.ooxml
2025-02-15 11:42:17 TRACE XBeanDebug:199 - Loading type system org.apache.xmlbeans.metadata.system.sXMLCONFIG
2025-02-15 11:42:17 TRACE XBeanDebug:199 - Loading type system org.apache.xmlbeans.metadata.system.sXMLLANG
2025-02-15 11:42:17 TRACE XBeanDebug:199 - Loading type system org.apache.xmlbeans.metadata.system.sXMLSCHEMA
2025-02-15 11:42:17 TRACE XBeanDebug:199 - Loading type system org.apache.xmlbeans.metadata.system.sXMLTOOLS
2025-02-15 11:42:17 TRACE XBeanDebug:237 - Reading unresolved handles for type system org.apache.xmlbeans.metadata.system.sXMLTOOLS
2025-02-15 11:42:17 TRACE XBeanDebug:209 - Finished loading type system org.apache.xmlbeans.metadata.system.sXMLTOOLS
2025-02-15 11:42:17 TRACE XBeanDebug:237 - Reading unresolved handles for type system org.apache.xmlbeans.metadata.system.sXMLSCHEMA
2025-02-15 11:42:17 TRACE XBeanDebug:209 - Finished loading type system org.apache.xmlbeans.metadata.system.sXMLSCHEMA
2025-02-15 11:42:17 TRACE XBeanDebug:237 - Reading unresolved handles for type system org.apache.xmlbeans.metadata.system.sXMLLANG
2025-02-15 11:42:17 TRACE XBeanDebug:209 - Finished loading type system org.apache.xmlbeans.metadata.system.sXMLLANG
2025-02-15 11:42:17 TRACE XBeanDebug:237 - Reading unresolved handles for type system org.apache.xmlbeans.metadata.system.sXMLCONFIG
2025-02-15 11:42:17 TRACE XBeanDebug:209 - Finished loading type system org.apache.xmlbeans.metadata.system.sXMLCONFIG
2025-02-15 11:42:17 TRACE XBeanDebug:237 - Reading unresolved handles for type system org.apache.poi.schemas.ooxml.system.ooxml
2025-02-15 11:42:17 TRACE XBeanDebug:209 - Finished loading type system org.apache.poi.schemas.ooxml.system.ooxml
2025-02-15 11:42:17 TRACE XBeanDebug:946 - Resolving type for handle themefd26doctype
2025-02-15 11:42:17 TRACE XBeanDebug:946 - Resolving type for handle stylesheet5d8bdoctype
2025-02-15 11:42:17 TRACE XBeanDebug:946 - Resolving type for handle ctstylesheet4257type
2025-02-15 11:42:17 TRACE XBeanDebug:946 - Resolving type for handle ctfonts6623type
2025-02-15 11:42:17 TRACE XBeanDebug:946 - Resolving type for handle ctfont14d8type
2025-02-15 11:42:17 TRACE XBeanDebug:946 - Resolving type for handle ctfills2c6ftype
2025-02-15 11:42:17 TRACE XBeanDebug:946 - Resolving type for handle ctfill550ctype
2025-02-15 11:42:17 TRACE XBeanDebug:946 - Resolving type for handle ctborders0d66type
2025-02-15 11:42:17 TRACE XBeanDebug:946 - Resolving type for handle ctborderf935type
2025-02-15 11:42:17 TRACE XBeanDebug:946 - Resolving type for handle ctcellxfs1322type
2025-02-15 11:42:17 TRACE XBeanDebug:946 - Resolving type for handle ctxf97f7type
2025-02-15 11:42:17 TRACE XBeanDebug:946 - Resolving type for handle ctcellstylexfsa81ftype
2025-02-15 11:42:17 TRACE XBeanDebug:946 - Resolving type for handle ctdxfsb26atype
2025-02-15 11:42:17 TRACE XBeanDebug:946 - Resolving type for handle cttablestyles872ftype
2025-02-15 11:42:17 TRACE XBeanDebug:946 - Resolving type for handle sstf81fdoctype
2025-02-15 11:42:17 TRACE XBeanDebug:946 - Resolving type for handle ctsst44f3type
2025-02-15 11:42:17 TRACE XBeanDebug:946 - Resolving type for handle ctrsta472type
2025-02-15 11:42:17 DEBUG POIXMLFactory:65 - using default POIXMLDocumentPart for http://schemas.openxmlformats.org/officeDocument/2006/relationships/printerSettings
2025-02-15 11:42:17 TRACE XBeanDebug:946 - Resolving type for handle workbookec17doctype
2025-02-15 11:42:17 TRACE XBeanDebug:946 - Resolving type for handle ctworkbook83c3type
2025-02-15 11:42:17 TRACE XBeanDebug:946 - Resolving type for handle ctsheets49fdtype
2025-02-15 11:42:17 TRACE XBeanDebug:946 - Resolving type for handle ctsheet4dbetype
2025-02-15 11:42:17 TRACE XBeanDebug:946 - Resolving type for handle strelationshipid1e94type
2025-02-15 11:42:17 TRACE XBeanDebug:946 - Resolving type for handle worksheetf539doctype
2025-02-15 11:42:17 TRACE XBeanDebug:946 - Resolving type for handle ctworksheet530dtype
2025-02-15 11:42:17 TRACE XBeanDebug:946 - Resolving type for handle ctcols627ctype
2025-02-15 11:42:17 TRACE XBeanDebug:946 - Resolving type for handle ctcola95ftype
2025-02-15 11:42:17 TRACE XBeanDebug:946 - Resolving type for handle ctsheetdata8408type
2025-02-15 11:42:17 TRACE XBeanDebug:946 - Resolving type for handle ctrowdd39type
2025-02-15 11:42:17 TRACE XBeanDebug:946 - Resolving type for handle ctcell842btype
2025-02-15 11:42:17 TRACE XBeanDebug:946 - Resolving type for handle stcellrefe4e0type
2025-02-15 11:42:17 TRACE XBeanDebug:946 - Resolving type for handle cthyperlinks6416type
2025-02-15 11:42:17 TRACE XBeanDebug:946 - Resolving type for handle cthyperlink0c85type
2025-02-15 11:42:17 TRACE XBeanDebug:946 - Resolving type for handle stxstringf179type
2025-02-15 11:42:17 DEBUG PackageRelationshipCollection:307 - Parsing relationship: /xl/_rels/workbook.xml.rels
2025-02-15 11:42:17 DEBUG PackageRelationshipCollection:307 - Parsing relationship: /xl/worksheets/_rels/sheet1.xml.rels
2025-02-15 11:42:17 DEBUG PackageRelationshipCollection:307 - Parsing relationship: /_rels/.rels
2025-02-15 11:42:17 DEBUG POIXMLFactory:65 - using default POIXMLDocumentPart for http://schemas.openxmlformats.org/officeDocument/2006/relationships/printerSettings
2025-02-15 11:42:17 DEBUG PackageRelationshipCollection:307 - Parsing relationship: /xl/_rels/workbook.xml.rels
2025-02-15 11:42:17 DEBUG PackageRelationshipCollection:307 - Parsing relationship: /xl/worksheets/_rels/sheet1.xml.rels
2025-02-15 11:42:17 DEBUG PackageRelationshipCollection:307 - Parsing relationship: /_rels/.rels
2025-02-15 11:42:17 DEBUG POIXMLFactory:65 - using default POIXMLDocumentPart for http://schemas.openxmlformats.org/officeDocument/2006/relationships/printerSettings
2025-02-15 11:42:17 DEBUG PackageRelationshipCollection:307 - Parsing relationship: /xl/_rels/workbook.xml.rels
2025-02-15 11:42:17 DEBUG PackageRelationshipCollection:307 - Parsing relationship: /xl/worksheets/_rels/sheet1.xml.rels
2025-02-15 11:42:17 DEBUG PackageRelationshipCollection:307 - Parsing relationship: /_rels/.rels
2025-02-15 11:42:17 DEBUG POIXMLFactory:65 - using default POIXMLDocumentPart for http://schemas.openxmlformats.org/officeDocument/2006/relationships/printerSettings
2025-02-15 11:42:17 DEBUG PackageRelationshipCollection:307 - Parsing relationship: /xl/_rels/workbook.xml.rels
2025-02-15 11:42:17 DEBUG PackageRelationshipCollection:307 - Parsing relationship: /xl/worksheets/_rels/sheet1.xml.rels
2025-02-15 11:42:17 DEBUG PackageRelationshipCollection:307 - Parsing relationship: /_rels/.rels
2025-02-15 11:42:17 DEBUG POIXMLFactory:65 - using default POIXMLDocumentPart for http://schemas.openxmlformats.org/officeDocument/2006/relationships/printerSettings
2025-02-15 11:42:17 TRACE XBeanDebug:946 - Resolving type for handle stcelltypebf95type
2025-02-15 11:42:17 DEBUG PackageRelationshipCollection:307 - Parsing relationship: /xl/_rels/workbook.xml.rels
2025-02-15 11:42:17 DEBUG PackageRelationshipCollection:307 - Parsing relationship: /xl/worksheets/_rels/sheet1.xml.rels
2025-02-15 11:42:17 DEBUG PackageRelationshipCollection:307 - Parsing relationship: /_rels/.rels
2025-02-15 11:42:17 DEBUG POIXMLFactory:65 - using default POIXMLDocumentPart for http://schemas.openxmlformats.org/officeDocument/2006/relationships/printerSettings
2025-02-15 11:42:17 DEBUG PackageRelationshipCollection:307 - Parsing relationship: /xl/_rels/workbook.xml.rels
2025-02-15 11:42:17 DEBUG PackageRelationshipCollection:307 - Parsing relationship: /xl/worksheets/_rels/sheet1.xml.rels
2025-02-15 11:42:17 DEBUG PackageRelationshipCollection:307 - Parsing relationship: /_rels/.rels
2025-02-15 11:42:17 DEBUG POIXMLFactory:65 - using default POIXMLDocumentPart for http://schemas.openxmlformats.org/officeDocument/2006/relationships/printerSettings
2025-02-15 11:42:17 DEBUG PackageRelationshipCollection:307 - Parsing relationship: /xl/_rels/workbook.xml.rels
2025-02-15 11:42:17 DEBUG PackageRelationshipCollection:307 - Parsing relationship: /xl/worksheets/_rels/sheet1.xml.rels
2025-02-15 11:42:17 DEBUG PackageRelationshipCollection:307 - Parsing relationship: /_rels/.rels
2025-02-15 11:42:17 DEBUG POIXMLFactory:65 - using default POIXMLDocumentPart for http://schemas.openxmlformats.org/officeDocument/2006/relationships/printerSettings
2025-02-15 11:42:18 DEBUG PackageRelationshipCollection:307 - Parsing relationship: /xl/_rels/workbook.xml.rels
2025-02-15 11:42:18 DEBUG PackageRelationshipCollection:307 - Parsing relationship: /xl/worksheets/_rels/sheet1.xml.rels
2025-02-15 11:42:18 DEBUG PackageRelationshipCollection:307 - Parsing relationship: /_rels/.rels
2025-02-15 11:42:18 DEBUG POIXMLFactory:65 - using default POIXMLDocumentPart for http://schemas.openxmlformats.org/officeDocument/2006/relationships/printerSettings
2025-02-15 11:42:18 DEBUG PackageRelationshipCollection:307 - Parsing relationship: /xl/_rels/workbook.xml.rels
2025-02-15 11:42:18 DEBUG PackageRelationshipCollection:307 - Parsing relationship: /xl/worksheets/_rels/sheet1.xml.rels
2025-02-15 11:42:18 DEBUG PackageRelationshipCollection:307 - Parsing relationship: /_rels/.rels
2025-02-15 11:42:18 DEBUG POIXMLFactory:65 - using default POIXMLDocumentPart for http://schemas.openxmlformats.org/officeDocument/2006/relationships/printerSettings
2025-02-15 11:42:18 DEBUG PackageRelationshipCollection:307 - Parsing relationship: /xl/_rels/workbook.xml.rels
2025-02-15 11:42:18 DEBUG PackageRelationshipCollection:307 - Parsing relationship: /xl/worksheets/_rels/sheet1.xml.rels
2025-02-15 11:42:18 DEBUG PackageRelationshipCollection:307 - Parsing relationship: /_rels/.rels
2025-02-15 11:42:18 DEBUG POIXMLFactory:65 - using default POIXMLDocumentPart for http://schemas.openxmlformats.org/officeDocument/2006/relationships/printerSettings
2025-02-15 11:42:18 DEBUG PackageRelationshipCollection:307 - Parsing relationship: /xl/_rels/workbook.xml.rels
2025-02-15 11:42:18 DEBUG PackageRelationshipCollection:307 - Parsing relationship: /xl/worksheets/_rels/sheet1.xml.rels
2025-02-15 11:42:18 DEBUG PackageRelationshipCollection:307 - Parsing relationship: /_rels/.rels
2025-02-15 11:42:18 DEBUG POIXMLFactory:65 - using default POIXMLDocumentPart for http://schemas.openxmlformats.org/officeDocument/2006/relationships/printerSettings
2025-02-15 11:42:18 DEBUG PackageRelationshipCollection:307 - Parsing relationship: /xl/_rels/workbook.xml.rels
2025-02-15 11:42:18 DEBUG PackageRelationshipCollection:307 - Parsing relationship: /xl/worksheets/_rels/sheet1.xml.rels
2025-02-15 11:42:18 DEBUG PackageRelationshipCollection:307 - Parsing relationship: /_rels/.rels
2025-02-15 11:42:18 DEBUG POIXMLFactory:65 - using default POIXMLDocumentPart for http://schemas.openxmlformats.org/officeDocument/2006/relationships/printerSettings
2025-02-15 11:42:18 DEBUG PackageRelationshipCollection:307 - Parsing relationship: /xl/_rels/workbook.xml.rels
2025-02-15 11:42:18 DEBUG PackageRelationshipCollection:307 - Parsing relationship: /xl/worksheets/_rels/sheet1.xml.rels
2025-02-15 11:42:18 DEBUG PackageRelationshipCollection:307 - Parsing relationship: /_rels/.rels
2025-02-15 11:42:18 DEBUG POIXMLFactory:65 - using default POIXMLDocumentPart for http://schemas.openxmlformats.org/officeDocument/2006/relationships/printerSettings
2025-02-15 11:42:18 DEBUG PackageRelationshipCollection:307 - Parsing relationship: /xl/_rels/workbook.xml.rels
2025-02-15 11:42:18 DEBUG PackageRelationshipCollection:307 - Parsing relationship: /xl/worksheets/_rels/sheet1.xml.rels
2025-02-15 11:42:18 DEBUG PackageRelationshipCollection:307 - Parsing relationship: /_rels/.rels
2025-02-15 11:42:18 DEBUG POIXMLFactory:65 - using default POIXMLDocumentPart for http://schemas.openxmlformats.org/officeDocument/2006/relationships/printerSettings
2025-02-15 11:42:18 DEBUG PackageRelationshipCollection:307 - Parsing relationship: /xl/_rels/workbook.xml.rels
2025-02-15 11:42:18 DEBUG PackageRelationshipCollection:307 - Parsing relationship: /xl/worksheets/_rels/sheet1.xml.rels
2025-02-15 11:42:18 DEBUG PackageRelationshipCollection:307 - Parsing relationship: /_rels/.rels
2025-02-15 11:42:18 DEBUG POIXMLFactory:65 - using default POIXMLDocumentPart for http://schemas.openxmlformats.org/officeDocument/2006/relationships/printerSettings
2025-02-15 11:42:18 DEBUG PackageRelationshipCollection:307 - Parsing relationship: /xl/_rels/workbook.xml.rels
2025-02-15 11:42:18 DEBUG PackageRelationshipCollection:307 - Parsing relationship: /xl/worksheets/_rels/sheet1.xml.rels
2025-02-15 11:42:18 DEBUG PackageRelationshipCollection:307 - Parsing relationship: /_rels/.rels
2025-02-15 11:42:18 DEBUG POIXMLFactory:65 - using default POIXMLDocumentPart for http://schemas.openxmlformats.org/officeDocument/2006/relationships/printerSettings
2025-02-15 14:34:20 DEBUG PackageRelationshipCollection:307 - Parsing relationship: /xl/_rels/workbook.xml.rels
2025-02-15 14:34:20 DEBUG PackageRelationshipCollection:307 - Parsing relationship: /xl/worksheets/_rels/sheet1.xml.rels
2025-02-15 14:34:20 DEBUG PackageRelationshipCollection:307 - Parsing relationship: /_rels/.rels
2025-02-15 14:34:21 TRACE XBeanDebug:199 - Loading type system org.apache.poi.schemas.ooxml.system.ooxml
2025-02-15 14:34:21 TRACE XBeanDebug:199 - Loading type system org.apache.xmlbeans.metadata.system.sXMLCONFIG
2025-02-15 14:34:21 TRACE XBeanDebug:199 - Loading type system org.apache.xmlbeans.metadata.system.sXMLLANG
2025-02-15 14:34:21 TRACE XBeanDebug:199 - Loading type system org.apache.xmlbeans.metadata.system.sXMLSCHEMA
2025-02-15 14:34:21 TRACE XBeanDebug:199 - Loading type system org.apache.xmlbeans.metadata.system.sXMLTOOLS
2025-02-15 14:34:21 TRACE XBeanDebug:237 - Reading unresolved handles for type system org.apache.xmlbeans.metadata.system.sXMLTOOLS
2025-02-15 14:34:21 TRACE XBeanDebug:209 - Finished loading type system org.apache.xmlbeans.metadata.system.sXMLTOOLS
2025-02-15 14:34:21 TRACE XBeanDebug:237 - Reading unresolved handles for type system org.apache.xmlbeans.metadata.system.sXMLSCHEMA
2025-02-15 14:34:21 TRACE XBeanDebug:209 - Finished loading type system org.apache.xmlbeans.metadata.system.sXMLSCHEMA
2025-02-15 14:34:21 TRACE XBeanDebug:237 - Reading unresolved handles for type system org.apache.xmlbeans.metadata.system.sXMLLANG
2025-02-15 14:34:21 TRACE XBeanDebug:209 - Finished loading type system org.apache.xmlbeans.metadata.system.sXMLLANG
2025-02-15 14:34:21 TRACE XBeanDebug:237 - Reading unresolved handles for type system org.apache.xmlbeans.metadata.system.sXMLCONFIG
2025-02-15 14:34:21 TRACE XBeanDebug:209 - Finished loading type system org.apache.xmlbeans.metadata.system.sXMLCONFIG
2025-02-15 14:34:21 TRACE XBeanDebug:237 - Reading unresolved handles for type system org.apache.poi.schemas.ooxml.system.ooxml
2025-02-15 14:34:21 TRACE XBeanDebug:209 - Finished loading type system org.apache.poi.schemas.ooxml.system.ooxml
2025-02-15 14:34:21 TRACE XBeanDebug:946 - Resolving type for handle themefd26doctype
2025-02-15 14:34:21 TRACE XBeanDebug:946 - Resolving type for handle stylesheet5d8bdoctype
2025-02-15 14:34:21 TRACE XBeanDebug:946 - Resolving type for handle ctstylesheet4257type
2025-02-15 14:34:21 TRACE XBeanDebug:946 - Resolving type for handle ctfonts6623type
2025-02-15 14:34:21 TRACE XBeanDebug:946 - Resolving type for handle ctfont14d8type
2025-02-15 14:34:21 TRACE XBeanDebug:946 - Resolving type for handle ctfills2c6ftype
2025-02-15 14:34:21 TRACE XBeanDebug:946 - Resolving type for handle ctfill550ctype
2025-02-15 14:34:21 TRACE XBeanDebug:946 - Resolving type for handle ctborders0d66type
2025-02-15 14:34:21 TRACE XBeanDebug:946 - Resolving type for handle ctborderf935type
2025-02-15 14:34:21 TRACE XBeanDebug:946 - Resolving type for handle ctcellxfs1322type
2025-02-15 14:34:21 TRACE XBeanDebug:946 - Resolving type for handle ctxf97f7type
2025-02-15 14:34:21 TRACE XBeanDebug:946 - Resolving type for handle ctcellstylexfsa81ftype
2025-02-15 14:34:21 TRACE XBeanDebug:946 - Resolving type for handle ctdxfsb26atype
2025-02-15 14:34:21 TRACE XBeanDebug:946 - Resolving type for handle cttablestyles872ftype
2025-02-15 14:34:21 TRACE XBeanDebug:946 - Resolving type for handle sstf81fdoctype
2025-02-15 14:34:21 TRACE XBeanDebug:946 - Resolving type for handle ctsst44f3type
2025-02-15 14:34:21 TRACE XBeanDebug:946 - Resolving type for handle ctrsta472type
2025-02-15 14:34:21 DEBUG POIXMLFactory:65 - using default POIXMLDocumentPart for http://schemas.openxmlformats.org/officeDocument/2006/relationships/printerSettings
2025-02-15 14:34:21 TRACE XBeanDebug:946 - Resolving type for handle workbookec17doctype
2025-02-15 14:34:21 TRACE XBeanDebug:946 - Resolving type for handle ctworkbook83c3type
2025-02-15 14:34:21 TRACE XBeanDebug:946 - Resolving type for handle ctsheets49fdtype
2025-02-15 14:34:21 TRACE XBeanDebug:946 - Resolving type for handle ctsheet4dbetype
2025-02-15 14:34:21 TRACE XBeanDebug:946 - Resolving type for handle strelationshipid1e94type
2025-02-15 14:34:21 TRACE XBeanDebug:946 - Resolving type for handle worksheetf539doctype
2025-02-15 14:34:21 TRACE XBeanDebug:946 - Resolving type for handle ctworksheet530dtype
2025-02-15 14:34:21 TRACE XBeanDebug:946 - Resolving type for handle ctcols627ctype
2025-02-15 14:34:21 TRACE XBeanDebug:946 - Resolving type for handle ctcola95ftype
2025-02-15 14:34:21 TRACE XBeanDebug:946 - Resolving type for handle ctsheetdata8408type
2025-02-15 14:34:21 TRACE XBeanDebug:946 - Resolving type for handle ctrowdd39type
2025-02-15 14:34:21 TRACE XBeanDebug:946 - Resolving type for handle ctcell842btype
2025-02-15 14:34:21 TRACE XBeanDebug:946 - Resolving type for handle stcellrefe4e0type
2025-02-15 14:34:21 TRACE XBeanDebug:946 - Resolving type for handle cthyperlinks6416type
2025-02-15 14:34:21 TRACE XBeanDebug:946 - Resolving type for handle cthyperlink0c85type
2025-02-15 14:34:21 TRACE XBeanDebug:946 - Resolving type for handle stxstringf179type
2025-02-15 14:34:21 DEBUG PackageRelationshipCollection:307 - Parsing relationship: /xl/_rels/workbook.xml.rels
2025-02-15 14:34:21 DEBUG PackageRelationshipCollection:307 - Parsing relationship: /xl/worksheets/_rels/sheet1.xml.rels
2025-02-15 14:34:21 DEBUG PackageRelationshipCollection:307 - Parsing relationship: /_rels/.rels
2025-02-15 14:34:21 DEBUG POIXMLFactory:65 - using default POIXMLDocumentPart for http://schemas.openxmlformats.org/officeDocument/2006/relationships/printerSettings
2025-02-15 14:34:21 DEBUG PackageRelationshipCollection:307 - Parsing relationship: /xl/_rels/workbook.xml.rels
2025-02-15 14:34:21 DEBUG PackageRelationshipCollection:307 - Parsing relationship: /xl/worksheets/_rels/sheet1.xml.rels
2025-02-15 14:34:21 DEBUG PackageRelationshipCollection:307 - Parsing relationship: /_rels/.rels
2025-02-15 14:34:21 DEBUG POIXMLFactory:65 - using default POIXMLDocumentPart for http://schemas.openxmlformats.org/officeDocument/2006/relationships/printerSettings
2025-02-15 14:34:21 DEBUG PackageRelationshipCollection:307 - Parsing relationship: /xl/_rels/workbook.xml.rels
2025-02-15 14:34:21 DEBUG PackageRelationshipCollection:307 - Parsing relationship: /xl/worksheets/_rels/sheet1.xml.rels
2025-02-15 14:34:21 DEBUG PackageRelationshipCollection:307 - Parsing relationship: /_rels/.rels
2025-02-15 14:34:21 DEBUG POIXMLFactory:65 - using default POIXMLDocumentPart for http://schemas.openxmlformats.org/officeDocument/2006/relationships/printerSettings
2025-02-15 14:34:21 DEBUG PackageRelationshipCollection:307 - Parsing relationship: /xl/_rels/workbook.xml.rels
2025-02-15 14:34:21 DEBUG PackageRelationshipCollection:307 - Parsing relationship: /xl/worksheets/_rels/sheet1.xml.rels
2025-02-15 14:34:21 DEBUG PackageRelationshipCollection:307 - Parsing relationship: /_rels/.rels
2025-02-15 14:34:21 DEBUG POIXMLFactory:65 - using default POIXMLDocumentPart for http://schemas.openxmlformats.org/officeDocument/2006/relationships/printerSettings
2025-02-15 14:34:21 TRACE XBeanDebug:946 - Resolving type for handle stcelltypebf95type
2025-02-15 14:34:21 DEBUG PackageRelationshipCollection:307 - Parsing relationship: /xl/_rels/workbook.xml.rels
2025-02-15 14:34:21 DEBUG PackageRelationshipCollection:307 - Parsing relationship: /xl/worksheets/_rels/sheet1.xml.rels
2025-02-15 14:34:21 DEBUG PackageRelationshipCollection:307 - Parsing relationship: /_rels/.rels
2025-02-15 14:34:21 DEBUG POIXMLFactory:65 - using default POIXMLDocumentPart for http://schemas.openxmlformats.org/officeDocument/2006/relationships/printerSettings
2025-02-15 14:34:21 DEBUG PackageRelationshipCollection:307 - Parsing relationship: /xl/_rels/workbook.xml.rels
2025-02-15 14:34:21 DEBUG PackageRelationshipCollection:307 - Parsing relationship: /xl/worksheets/_rels/sheet1.xml.rels
2025-02-15 14:34:21 DEBUG PackageRelationshipCollection:307 - Parsing relationship: /_rels/.rels
2025-02-15 14:34:21 DEBUG POIXMLFactory:65 - using default POIXMLDocumentPart for http://schemas.openxmlformats.org/officeDocument/2006/relationships/printerSettings
2025-02-15 14:34:21 DEBUG PackageRelationshipCollection:307 - Parsing relationship: /xl/_rels/workbook.xml.rels
2025-02-15 14:34:21 DEBUG PackageRelationshipCollection:307 - Parsing relationship: /xl/worksheets/_rels/sheet1.xml.rels
2025-02-15 14:34:21 DEBUG PackageRelationshipCollection:307 - Parsing relationship: /_rels/.rels
2025-02-15 14:34:21 DEBUG POIXMLFactory:65 - using default POIXMLDocumentPart for http://schemas.openxmlformats.org/officeDocument/2006/relationships/printerSettings
2025-02-15 14:34:21 DEBUG PackageRelationshipCollection:307 - Parsing relationship: /xl/_rels/workbook.xml.rels
2025-02-15 14:34:21 DEBUG PackageRelationshipCollection:307 - Parsing relationship: /xl/worksheets/_rels/sheet1.xml.rels
2025-02-15 14:34:21 DEBUG PackageRelationshipCollection:307 - Parsing relationship: /_rels/.rels
2025-02-15 14:34:21 DEBUG POIXMLFactory:65 - using default POIXMLDocumentPart for http://schemas.openxmlformats.org/officeDocument/2006/relationships/printerSettings
2025-02-15 14:34:21 DEBUG PackageRelationshipCollection:307 - Parsing relationship: /xl/_rels/workbook.xml.rels
2025-02-15 14:34:21 DEBUG PackageRelationshipCollection:307 - Parsing relationship: /xl/worksheets/_rels/sheet1.xml.rels
2025-02-15 14:34:21 DEBUG PackageRelationshipCollection:307 - Parsing relationship: /_rels/.rels
2025-02-15 14:34:21 DEBUG POIXMLFactory:65 - using default POIXMLDocumentPart for http://schemas.openxmlformats.org/officeDocument/2006/relationships/printerSettings
2025-02-15 14:34:21 DEBUG PackageRelationshipCollection:307 - Parsing relationship: /xl/_rels/workbook.xml.rels
2025-02-15 14:34:21 DEBUG PackageRelationshipCollection:307 - Parsing relationship: /xl/worksheets/_rels/sheet1.xml.rels
2025-02-15 14:34:21 DEBUG PackageRelationshipCollection:307 - Parsing relationship: /_rels/.rels
2025-02-15 14:34:21 DEBUG POIXMLFactory:65 - using default POIXMLDocumentPart for http://schemas.openxmlformats.org/officeDocument/2006/relationships/printerSettings
2025-02-15 14:34:22 DEBUG PackageRelationshipCollection:307 - Parsing relationship: /xl/_rels/workbook.xml.rels
2025-02-15 14:34:22 DEBUG PackageRelationshipCollection:307 - Parsing relationship: /xl/worksheets/_rels/sheet1.xml.rels
2025-02-15 14:34:22 DEBUG PackageRelationshipCollection:307 - Parsing relationship: /_rels/.rels
2025-02-15 14:34:22 DEBUG POIXMLFactory:65 - using default POIXMLDocumentPart for http://schemas.openxmlformats.org/officeDocument/2006/relationships/printerSettings
2025-02-15 14:34:22 DEBUG PackageRelationshipCollection:307 - Parsing relationship: /xl/_rels/workbook.xml.rels
2025-02-15 14:34:22 DEBUG PackageRelationshipCollection:307 - Parsing relationship: /xl/worksheets/_rels/sheet1.xml.rels
2025-02-15 14:34:22 DEBUG PackageRelationshipCollection:307 - Parsing relationship: /_rels/.rels
2025-02-15 14:34:22 DEBUG POIXMLFactory:65 - using default POIXMLDocumentPart for http://schemas.openxmlformats.org/officeDocument/2006/relationships/printerSettings
2025-02-15 14:34:22 DEBUG PackageRelationshipCollection:307 - Parsing relationship: /xl/_rels/workbook.xml.rels
2025-02-15 14:34:22 DEBUG PackageRelationshipCollection:307 - Parsing relationship: /xl/worksheets/_rels/sheet1.xml.rels
2025-02-15 14:34:22 DEBUG PackageRelationshipCollection:307 - Parsing relationship: /_rels/.rels
2025-02-15 14:34:22 DEBUG POIXMLFactory:65 - using default POIXMLDocumentPart for http://schemas.openxmlformats.org/officeDocument/2006/relationships/printerSettings
2025-02-15 14:34:22 DEBUG PackageRelationshipCollection:307 - Parsing relationship: /xl/_rels/workbook.xml.rels
2025-02-15 14:34:22 DEBUG PackageRelationshipCollection:307 - Parsing relationship: /xl/worksheets/_rels/sheet1.xml.rels
2025-02-15 14:34:22 DEBUG PackageRelationshipCollection:307 - Parsing relationship: /_rels/.rels
2025-02-15 14:34:22 DEBUG POIXMLFactory:65 - using default POIXMLDocumentPart for http://schemas.openxmlformats.org/officeDocument/2006/relationships/printerSettings
2025-02-15 14:34:22 DEBUG PackageRelationshipCollection:307 - Parsing relationship: /xl/_rels/workbook.xml.rels
2025-02-15 14:34:22 DEBUG PackageRelationshipCollection:307 - Parsing relationship: /xl/worksheets/_rels/sheet1.xml.rels
2025-02-15 14:34:22 DEBUG PackageRelationshipCollection:307 - Parsing relationship: /_rels/.rels
2025-02-15 14:34:22 DEBUG POIXMLFactory:65 - using default POIXMLDocumentPart for http://schemas.openxmlformats.org/officeDocument/2006/relationships/printerSettings
2025-02-15 14:34:22 DEBUG PackageRelationshipCollection:307 - Parsing relationship: /xl/_rels/workbook.xml.rels
2025-02-15 14:34:22 DEBUG PackageRelationshipCollection:307 - Parsing relationship: /xl/worksheets/_rels/sheet1.xml.rels
2025-02-15 14:34:22 DEBUG PackageRelationshipCollection:307 - Parsing relationship: /_rels/.rels
2025-02-15 14:34:22 DEBUG POIXMLFactory:65 - using default POIXMLDocumentPart for http://schemas.openxmlformats.org/officeDocument/2006/relationships/printerSettings
